{
  "RSpec": {
    "coverage": {
      "/Users/caitlinhalla/Desktop/graded/spec/models/school_spec.rb": [
        1,
        null,
        1,
        2,
        null
      ],
      "/Users/caitlinhalla/Desktop/graded/spec/rails_helper.rb": [
        null,
        1,
        1,
        null,
        1,
        1,
        1,
        1,
        1,
        null,
        null,
        null,
        null,
        null,
        null,
        null,
        null,
        null,
        null,
        null,
        null,
        null,
        null,
        null,
        null,
        null,
        null,
        null,
        1,
        null,
        1,
        null,
        1,
        null,
        null,
        null,
        null,
        1,
        null,
        null,
        null,
        null,
        null,
        null,
        null,
        null,
        null,
        null,
        null,
        null,
        null,
        null,
        1,
        null,
        null,
        1,
        null,
        null,
        null,
        1,
        1,
        1,
        1,
        null,
        null
      ],
      "/Users/caitlinhalla/Desktop/graded/config/environment.rb": [
        null,
        1,
        null,
        null,
        1
      ],
      "/Users/caitlinhalla/Desktop/graded/config/application.rb": [
        1,
        null,
        1,
        null,
        1,
        1,
        1,
        1,
        1,
        1,
        1,
        1,
        null,
        null,
        null,
        null,
        1,
        null,
        1,
        1,
        null,
        null,
        null,
        null,
        null
      ],
      "/Users/caitlinhalla/Desktop/graded/config/boot.rb": [
        1,
        null,
        1
      ],
      "/Users/caitlinhalla/Desktop/graded/config/environments/test.rb": [
        1,
        null,
        null,
        null,
        null,
        null,
        null,
        1,
        null,
        null,
        null,
        null,
        1,
        null,
        null,
        1,
        1,
        null,
        null,
        null,
        null,
        1,
        1,
        null,
        null,
        1,
        null,
        null,
        1,
        1,
        null,
        null,
        null,
        null,
        1,
        null,
        null,
        1,
        null,
        null,
        null,
        null
      ],
      "/Users/caitlinhalla/Desktop/graded/config/initializers/application_controller_renderer.rb": [
        null,
        null,
        null,
        null,
        null,
        null
      ],
      "/Users/caitlinhalla/Desktop/graded/config/initializers/assets.rb": [
        null,
        null,
        null,
        1,
        null,
        null,
        null,
        null,
        null,
        null,
        null,
        1,
        1
      ],
      "/Users/caitlinhalla/Desktop/graded/config/initializers/backtrace_silencers.rb": [
        null,
        null,
        null,
        null,
        null,
        null,
        null
      ],
      "/Users/caitlinhalla/Desktop/graded/config/initializers/cookies_serializer.rb": [
        null,
        null,
        null,
        null,
        1
      ],
      "/Users/caitlinhalla/Desktop/graded/config/initializers/devise.rb": [
        null,
        null,
        1,
        null,
        null,
        null,
        null,
        null,
        null,
        null,
        null,
        null,
        null,
        null,
        1,
        null,
        null,
        null,
        null,
        null,
        null,
        null,
        null,
        null,
        null,
        null,
        1,
        null,
        null,
        null,
        null,
        null,
        null,
        null,
        null,
        null,
        null,
        null,
        null,
        null,
        null,
        null,
        null,
        null,
        null,
        null,
        null,
        null,
        1,
        null,
        null,
        null,
        null,
        1,
        null,
        null,
        null,
        null,
        null,
        null,
        null,
        null,
        null,
        null,
        null,
        null,
        null,
        null,
        null,
        null,
        null,
        null,
        null,
        null,
        null,
        null,
        null,
        null,
        null,
        null,
        null,
        null,
        null,
        null,
        1,
        null,
        null,
        null,
        null,
        null,
        null,
        null,
        null,
        null,
        null,
        null,
        null,
        null,
        null,
        null,
        null,
        null,
        null,
        null,
        null,
        null,
        null,
        1,
        null,
        null,
        null,
        null,
        null,
        null,
        null,
        null,
        null,
        null,
        null,
        null,
        null,
        null,
        null,
        null,
        null,
        null,
        null,
        null,
        null,
        null,
        null,
        null,
        null,
        null,
        null,
        1,
        null,
        null,
        null,
        null,
        null,
        null,
        null,
        null,
        null,
        1,
        null,
        null,
        null,
        null,
        null,
        null,
        null,
        null,
        null,
        null,
        1,
        null,
        null,
        null,
        null,
        1,
        null,
        null,
        null,
        null,
        null,
        null,
        null,
        null,
        null,
        null,
        null,
        null,
        null,
        null,
        null,
        null,
        null,
        null,
        null,
        null,
        null,
        null,
        null,
        null,
        null,
        null,
        null,
        null,
        null,
        null,
        null,
        null,
        null,
        null,
        null,
        null,
        null,
        null,
        null,
        null,
        1,
        null,
        null,
        null,
        null,
        null,
        null,
        null,
        null,
        null,
        null,
        null,
        null,
        null,
        null,
        null,
        null,
        null,
        null,
        null,
        1,
        null,
        null,
        null,
        null,
        null,
        null,
        null,
        null,
        null,
        null,
        null,
        null,
        null,
        null,
        null,
        null,
        null,
        null,
        null,
        null,
        null,
        1,
        null,
        null,
        null,
        null,
        null,
        null,
        null,
        null,
        null,
        null,
        null,
        null,
        null,
        null,
        null,
        null,
        null,
        null,
        null,
        null,
        null,
        null,
        null,
        null,
        null,
        null,
        null,
        null,
        null
      ],
      "/Users/caitlinhalla/Desktop/graded/config/initializers/filter_parameter_logging.rb": [
        null,
        null,
        null,
        1
      ],
      "/Users/caitlinhalla/Desktop/graded/config/initializers/inflections.rb": [
        null,
        null,
        null,
        null,
        null,
        null,
        null,
        null,
        null,
        null,
        null,
        null,
        null,
        null,
        null,
        null
      ],
      "/Users/caitlinhalla/Desktop/graded/config/initializers/mime_types.rb": [
        null,
        null,
        null,
        null
      ],
      "/Users/caitlinhalla/Desktop/graded/config/initializers/new_framework_defaults.rb": [
        null,
        null,
        null,
        null,
        null,
        null,
        null,
        1,
        null,
        null,
        1,
        null,
        null,
        null,
        1,
        null,
        null,
        1,
        null,
        null,
        1,
        null,
        null,
        1
      ],
      "/Users/caitlinhalla/Desktop/graded/config/initializers/rails_admin.rb": [
        1,
        null,
        1,
        0,
        null,
        null,
        null,
        null,
        null,
        null,
        null,
        null,
        null,
        null,
        null,
        null,
        null,
        null,
        null,
        null,
        null,
        null,
        null,
        null,
        null,
        null,
        null,
        null,
        null,
        1,
        1,
        1,
        1,
        1,
        1,
        1,
        1,
        1,
        1,
        null,
        null,
        null,
        null,
        null,
        null
      ],
      "/Users/caitlinhalla/Desktop/graded/config/initializers/session_store.rb": [
        null,
        null,
        1
      ],
      "/Users/caitlinhalla/Desktop/graded/config/initializers/wrap_parameters.rb": [
        null,
        null,
        null,
        null,
        null,
        null,
        1,
        2,
        null,
        null,
        null,
        null,
        null,
        null
      ],
      "/Users/caitlinhalla/Desktop/graded/config/routes.rb": [
        1,
        1,
        1,
        null,
        1,
        null,
        1,
        null,
        1,
        1,
        null,
        null,
        null
      ],
      "/Users/caitlinhalla/Desktop/graded/app/models/user.rb": [
        1,
        1,
        1,
        null,
        null,
        1,
        null,
        null,
        1,
        null
      ],
      "/Users/caitlinhalla/Desktop/graded/app/models/application_record.rb": [
        1,
        1,
        null
      ],
      "/Users/caitlinhalla/Desktop/graded/app/controllers/application_controller.rb": [
        1,
        1,
        null,
        1,
        null,
        1,
        1,
        0,
        0,
        null,
        null
      ],
      "/Users/caitlinhalla/Desktop/graded/app/helpers/application_helper.rb": [
        1,
        null
      ],
      "/Users/caitlinhalla/Desktop/graded/app/helpers/reviews_helper.rb": [
        1,
        null
      ],
      "/Users/caitlinhalla/Desktop/graded/app/helpers/schools_helper.rb": [
        1,
        null
      ],
      "/Users/caitlinhalla/Desktop/graded/app/helpers/searches_helper.rb": [
        1,
        null
      ],
      "/Users/caitlinhalla/Desktop/graded/app/helpers/teachers_helper.rb": [
        1,
        null
      ],
      "/Users/caitlinhalla/Desktop/graded/app/channels/application_cable/channel.rb": [
        1,
        1,
        null,
        null
      ],
      "/Users/caitlinhalla/Desktop/graded/app/channels/application_cable/connection.rb": [
        1,
        1,
        null,
        null
      ],
      "/Users/caitlinhalla/Desktop/graded/app/controllers/home_controller.rb": [
        1,
        1,
        null,
        null
      ],
      "/Users/caitlinhalla/Desktop/graded/app/controllers/schools_controller.rb": [
        1,
        1,
        1,
        null,
        null,
        1,
        null,
        null,
        null,
        1,
        0,
        0,
        0,
        null,
        0,
        0,
        0,
        null,
        0,
        null,
        null,
        null,
        null,
        1,
        null,
        1,
        0,
        null,
        null,
        null,
        1,
        0,
        null,
        null
      ],
      "/Users/caitlinhalla/Desktop/graded/app/controllers/searches_controller.rb": [
        1,
        1,
        1,
        null,
        null,
        1,
        0,
        0,
        0,
        0,
        0,
        0,
        null,
        0,
        0,
        0,
        0,
        0,
        null,
        null,
        null,
        null,
        null,
        1,
        0,
        0,
        0,
        0,
        0,
        null,
        0,
        0,
        null,
        null,
        null,
        null,
        1,
        null,
        1,
        0,
        null,
        null,
        1,
        0,
        null,
        null
      ],
      "/Users/caitlinhalla/Desktop/graded/app/controllers/teachers_controller.rb": [
        1,
        1,
        0,
        0,
        null,
        null,
        1,
        0,
        0,
        0,
        0,
        0,
        0,
        null,
        0,
        null,
        null,
        null,
        1,
        0,
        0,
        null,
        null,
        1,
        0,
        0,
        0,
        0,
        null,
        0,
        null,
        null,
        null,
        1,
        0,
        0,
        null,
        null,
        1,
        0,
        0,
        0,
        0,
        null,
        null,
        1,
        null,
        1,
        0,
        null,
        null
      ],
      "/Users/caitlinhalla/Desktop/graded/app/jobs/application_job.rb": [
        1,
        null
      ],
      "/Users/caitlinhalla/Desktop/graded/app/mailers/application_mailer.rb": [
        1,
        1,
        1,
        null
      ],
      "/Users/caitlinhalla/Desktop/graded/app/models/school.rb": [
        1,
        1,
        null
      ],
      "/Users/caitlinhalla/Desktop/graded/app/models/search.rb": [
        1,
        1,
        1,
        null,
        1,
        null,
        null
      ],
      "/Users/caitlinhalla/Desktop/graded/app/models/teacher.rb": [
        1,
        1,
        null
      ],
      "/Users/caitlinhalla/Desktop/graded/app/services/map.rb": [
        1,
        null,
        null
      ],
      "/Users/caitlinhalla/Desktop/graded/spec/factories.rb": [
        null
      ],
      "/Users/caitlinhalla/Desktop/graded/spec/models/search_spec.rb": [
        1,
        null,
        1,
        2,
        null
      ],
      "/Users/caitlinhalla/Desktop/graded/spec/models/teacher_spec.rb": [
        1,
        null,
        1,
        2,
        null
      ],
      "/Users/caitlinhalla/Desktop/graded/spec/models/user_spec.rb": [
        1,
        null,
        1,
        2,
        2,
        2,
        null
      ]
    },
    "timestamp": 1492452273
  }
}
